[2m2021-11-26 03:01:13.238[0;39m [32m INFO[0;39m [35m24792[0;39m [2m---[0;39m [2m[  restartedMain][0;39m [36m.e.DevToolsPropertyDefaultsPostProcessor[0;39m [2m:[0;39m Devtools property defaults active! Set 'spring.devtools.add-properties' to 'false' to disable
[2m2021-11-26 03:01:13.242[0;39m [32m INFO[0;39m [35m24792[0;39m [2m---[0;39m [2m[  restartedMain][0;39m [36m.e.DevToolsPropertyDefaultsPostProcessor[0;39m [2m:[0;39m For additional web related logging consider setting the 'logging.level.web' property to 'DEBUG'
[2m2021-11-26 03:01:14.519[0;39m [32m INFO[0;39m [35m24792[0;39m [2m---[0;39m [2m[  restartedMain][0;39m [36mo.s.b.w.embedded.tomcat.TomcatWebServer [0;39m [2m:[0;39m Tomcat initialized with port(s): 80 (http)
[2m2021-11-26 03:01:14.686[0;39m [32m INFO[0;39m [35m24792[0;39m [2m---[0;39m [2m[  restartedMain][0;39m [36mw.s.c.ServletWebServerApplicationContext[0;39m [2m:[0;39m Root WebApplicationContext: initialization completed in 1443 ms
[2m2021-11-26 03:01:15.413[0;39m [32m INFO[0;39m [35m24792[0;39m [2m---[0;39m [2m[  restartedMain][0;39m [36mo.s.b.d.a.OptionalLiveReloadServer      [0;39m [2m:[0;39m LiveReload server is running on port 35729
[2m2021-11-26 03:01:15.659[0;39m [32m INFO[0;39m [35m24792[0;39m [2m---[0;39m [2m[  restartedMain][0;39m [36mo.s.b.w.embedded.tomcat.TomcatWebServer [0;39m [2m:[0;39m Tomcat started on port(s): 80 (http) with context path '/vue'
[2m2021-11-26 03:01:48.591[0;39m [32m INFO[0;39m [35m24792[0;39m [2m---[0;39m [2m[p-nio-80-exec-2][0;39m [36mo.s.web.servlet.DispatcherServlet       [0;39m [2m:[0;39m Initializing Servlet 'dispatcherServlet'
[2m2021-11-26 03:01:48.594[0;39m [32m INFO[0;39m [35m24792[0;39m [2m---[0;39m [2m[p-nio-80-exec-2][0;39m [36mo.s.web.servlet.DispatcherServlet       [0;39m [2m:[0;39m Completed initialization in 3 ms
[2m2021-11-26 04:21:09.277[0;39m [32mDEBUG[0;39m [35m24792[0;39m [2m---[0;39m [2m[p-nio-80-exec-1][0;39m [36mc.s.h.controller.UserController         [0;39m [2m:[0;39m 로그인 토큰정보 : eyJ0eXAiOiJKV1QiLCJyZWdEYXRlIjoxNjM3ODY4MDY5MjU3LCJhbGciOiJIUzI1NiJ9.eyJleHAiOjE2Mzc4NzE2NjksInN1YiI6ImFjY2Vzcy10b2tlbiIsInVzZXJJZCI6ImtqaW40MSJ9.--QSAWwChCWjrAO8aNyeQrxRMO--jfTDLd0_2cNu1n8
[2m2021-11-26 04:21:09.344[0;39m [32m INFO[0;39m [35m24792[0;39m [2m---[0;39m [2m[p-nio-80-exec-2][0;39m [36mc.s.h.controller.UserController         [0;39m [2m:[0;39m getInfo
[2m2021-11-26 04:21:09.345[0;39m [32mDEBUG[0;39m [35m24792[0;39m [2m---[0;39m [2m[p-nio-80-exec-2][0;39m [36mc.s.h.controller.UserController         [0;39m [2m:[0;39m userId : kjin41 
[2m2021-11-26 04:21:09.365[0;39m [32m INFO[0;39m [35m24792[0;39m [2m---[0;39m [2m[p-nio-80-exec-2][0;39m [36mc.s.h.controller.UserController         [0;39m [2m:[0;39m 사용 가능한 토큰!!!
[2m2021-11-26 04:21:53.313[0;39m [32mDEBUG[0;39m [35m24792[0;39m [2m---[0;39m [2m[p-nio-80-exec-1][0;39m [36mc.s.h.controller.UserController         [0;39m [2m:[0;39m 로그인 토큰정보 : eyJ0eXAiOiJKV1QiLCJyZWdEYXRlIjoxNjM3ODY4MTEzMzEzLCJhbGciOiJIUzI1NiJ9.eyJleHAiOjE2Mzc4NzE3MTMsInN1YiI6ImFjY2Vzcy10b2tlbiIsInVzZXJJZCI6ImFkbWluIn0.9YaKjgD9uBYNLKDh81uYKtrHUZ_4cW8GlQIlREWfF5Y
[2m2021-11-26 04:21:53.333[0;39m [32m INFO[0;39m [35m24792[0;39m [2m---[0;39m [2m[p-nio-80-exec-2][0;39m [36mc.s.h.controller.UserController         [0;39m [2m:[0;39m getInfo
[2m2021-11-26 04:21:53.333[0;39m [32mDEBUG[0;39m [35m24792[0;39m [2m---[0;39m [2m[p-nio-80-exec-2][0;39m [36mc.s.h.controller.UserController         [0;39m [2m:[0;39m userId : admin 
[2m2021-11-26 04:21:53.334[0;39m [32m INFO[0;39m [35m24792[0;39m [2m---[0;39m [2m[p-nio-80-exec-2][0;39m [36mc.s.h.controller.UserController         [0;39m [2m:[0;39m 사용 가능한 토큰!!!
[2m2021-11-26 04:30:21.253[0;39m [32m INFO[0;39m [35m24792[0;39m [2m---[0;39m [2m[-nio-80-exec-10][0;39m [36mc.s.h.controller.NoticeController       [0;39m [2m:[0;39m notice list 호출
[2m2021-11-26 04:33:01.000[0;39m [32m INFO[0;39m [35m24792[0;39m [2m---[0;39m [2m[p-nio-80-exec-2][0;39m [36mc.s.h.controller.NoticeController       [0;39m [2m:[0;39m notice list 호출
[2m2021-11-26 04:44:34.434[0;39m [32m INFO[0;39m [35m24792[0;39m [2m---[0;39m [2m[-nio-80-exec-10][0;39m [36mc.s.happyhouse.controller.QnaController [0;39m [2m:[0;39m listArticle - 호출
[2m2021-11-26 04:44:59.293[0;39m [32m INFO[0;39m [35m24792[0;39m [2m---[0;39m [2m[p-nio-80-exec-3][0;39m [36mc.s.happyhouse.controller.QnaController [0;39m [2m:[0;39m listArticle - 호출
[2m2021-11-26 04:53:21.994[0;39m [32mDEBUG[0;39m [35m24792[0;39m [2m---[0;39m [2m[-nio-80-exec-10][0;39m [36mc.s.h.controller.CommentController      [0;39m [2m:[0;39m listComment - 호출
[2m2021-11-26 04:53:33.247[0;39m [32m INFO[0;39m [35m24792[0;39m [2m---[0;39m [2m[p-nio-80-exec-2][0;39m [36mc.s.happyhouse.controller.QnaController [0;39m [2m:[0;39m listArticle - 호출
[2m2021-11-26 04:54:05.125[0;39m [32m INFO[0;39m [35m24792[0;39m [2m---[0;39m [2m[p-nio-80-exec-6][0;39m [36mc.s.happyhouse.controller.QnaController [0;39m [2m:[0;39m writeArticle - 호출
[2m2021-11-26 04:54:05.169[0;39m [33m WARN[0;39m [35m24792[0;39m [2m---[0;39m [2m[p-nio-80-exec-7][0;39m [36m.w.s.m.s.DefaultHandlerExceptionResolver[0;39m [2m:[0;39m Resolved [org.springframework.web.method.annotation.MethodArgumentTypeMismatchException: Failed to convert value of type 'java.lang.String' to required type 'int'; nested exception is java.lang.NumberFormatException: For input string: "undefined"]
[2m2021-11-26 04:54:16.282[0;39m [32mDEBUG[0;39m [35m24792[0;39m [2m---[0;39m [2m[-nio-80-exec-10][0;39m [36mc.s.h.controller.UserController         [0;39m [2m:[0;39m 로그인 토큰정보 : eyJ0eXAiOiJKV1QiLCJyZWdEYXRlIjoxNjM3ODcwMDU2MjgyLCJhbGciOiJIUzI1NiJ9.eyJleHAiOjE2Mzc4NzM2NTYsInN1YiI6ImFjY2Vzcy10b2tlbiIsInVzZXJJZCI6ImFkbWluIn0.6MDfzmsq7wF_ur_Vy7cFmFRp1EZX0bm8uaNp_h8ckmg
[2m2021-11-26 04:54:16.322[0;39m [32m INFO[0;39m [35m24792[0;39m [2m---[0;39m [2m[p-nio-80-exec-2][0;39m [36mc.s.h.controller.UserController         [0;39m [2m:[0;39m getInfo
[2m2021-11-26 04:54:16.322[0;39m [32mDEBUG[0;39m [35m24792[0;39m [2m---[0;39m [2m[p-nio-80-exec-2][0;39m [36mc.s.h.controller.UserController         [0;39m [2m:[0;39m userId : admin 
[2m2021-11-26 04:54:16.324[0;39m [32m INFO[0;39m [35m24792[0;39m [2m---[0;39m [2m[p-nio-80-exec-2][0;39m [36mc.s.h.controller.UserController         [0;39m [2m:[0;39m 사용 가능한 토큰!!!
[2m2021-11-26 04:54:19.733[0;39m [32m INFO[0;39m [35m24792[0;39m [2m---[0;39m [2m[p-nio-80-exec-3][0;39m [36mc.s.happyhouse.controller.QnaController [0;39m [2m:[0;39m listArticle - 호출
[2m2021-11-26 04:54:22.482[0;39m [32mDEBUG[0;39m [35m24792[0;39m [2m---[0;39m [2m[p-nio-80-exec-4][0;39m [36mc.s.h.controller.CommentController      [0;39m [2m:[0;39m listComment - 호출
[2m2021-11-26 05:14:35.559[0;39m [32mDEBUG[0;39m [35m24792[0;39m [2m---[0;39m [2m[p-nio-80-exec-7][0;39m [36mc.s.h.controller.UserController         [0;39m [2m:[0;39m 로그인 토큰정보 : eyJ0eXAiOiJKV1QiLCJyZWdEYXRlIjoxNjM3ODcxMjc1NTU4LCJhbGciOiJIUzI1NiJ9.eyJleHAiOjE2Mzc4NzQ4NzUsInN1YiI6ImFjY2Vzcy10b2tlbiIsInVzZXJJZCI6ImtqaW40MSJ9.sWGiVZMthnXnzkRsu1-43Ym9n34aypcMKF4vxlL2lIM
[2m2021-11-26 05:14:35.573[0;39m [32m INFO[0;39m [35m24792[0;39m [2m---[0;39m [2m[p-nio-80-exec-5][0;39m [36mc.s.h.controller.UserController         [0;39m [2m:[0;39m getInfo
[2m2021-11-26 05:14:35.574[0;39m [32mDEBUG[0;39m [35m24792[0;39m [2m---[0;39m [2m[p-nio-80-exec-5][0;39m [36mc.s.h.controller.UserController         [0;39m [2m:[0;39m userId : kjin41 
[2m2021-11-26 05:14:35.575[0;39m [32m INFO[0;39m [35m24792[0;39m [2m---[0;39m [2m[p-nio-80-exec-5][0;39m [36mc.s.h.controller.UserController         [0;39m [2m:[0;39m 사용 가능한 토큰!!!
[2m2021-11-26 07:29:05.302[0;39m [32m INFO[0;39m [35m24792[0;39m [2m---[0;39m [2m[(277)-127.0.0.1][0;39m [36minMXBeanRegistrar$SpringApplicationAdmin[0;39m [2m:[0;39m Application shutdown requested.
[2m2021-11-26 10:21:19.959[0;39m [32m INFO[0;39m [35m24276[0;39m [2m---[0;39m [2m[  restartedMain][0;39m [36m.e.DevToolsPropertyDefaultsPostProcessor[0;39m [2m:[0;39m Devtools property defaults active! Set 'spring.devtools.add-properties' to 'false' to disable
[2m2021-11-26 10:21:19.962[0;39m [32m INFO[0;39m [35m24276[0;39m [2m---[0;39m [2m[  restartedMain][0;39m [36m.e.DevToolsPropertyDefaultsPostProcessor[0;39m [2m:[0;39m For additional web related logging consider setting the 'logging.level.web' property to 'DEBUG'
[2m2021-11-26 10:21:21.377[0;39m [32m INFO[0;39m [35m24276[0;39m [2m---[0;39m [2m[  restartedMain][0;39m [36mo.s.b.w.embedded.tomcat.TomcatWebServer [0;39m [2m:[0;39m Tomcat initialized with port(s): 80 (http)
[2m2021-11-26 10:21:21.638[0;39m [32m INFO[0;39m [35m24276[0;39m [2m---[0;39m [2m[  restartedMain][0;39m [36mw.s.c.ServletWebServerApplicationContext[0;39m [2m:[0;39m Root WebApplicationContext: initialization completed in 1676 ms
[2m2021-11-26 10:21:22.573[0;39m [32m INFO[0;39m [35m24276[0;39m [2m---[0;39m [2m[  restartedMain][0;39m [36mo.s.b.d.a.OptionalLiveReloadServer      [0;39m [2m:[0;39m LiveReload server is running on port 35729
[2m2021-11-26 10:21:22.903[0;39m [32m INFO[0;39m [35m24276[0;39m [2m---[0;39m [2m[  restartedMain][0;39m [36mo.s.b.w.embedded.tomcat.TomcatWebServer [0;39m [2m:[0;39m Tomcat started on port(s): 80 (http) with context path '/vue'
[2m2021-11-26 10:22:10.313[0;39m [32m INFO[0;39m [35m24276[0;39m [2m---[0;39m [2m[p-nio-80-exec-3][0;39m [36mo.s.web.servlet.DispatcherServlet       [0;39m [2m:[0;39m Initializing Servlet 'dispatcherServlet'
[2m2021-11-26 10:22:10.316[0;39m [32m INFO[0;39m [35m24276[0;39m [2m---[0;39m [2m[p-nio-80-exec-3][0;39m [36mo.s.web.servlet.DispatcherServlet       [0;39m [2m:[0;39m Completed initialization in 2 ms
[2m2021-11-26 10:22:19.823[0;39m [32m INFO[0;39m [35m24276[0;39m [2m---[0;39m [2m[p-nio-80-exec-7][0;39m [36mc.s.h.controller.UserController         [0;39m [2m:[0;39m userInfo
[2m2021-11-26 10:22:19.824[0;39m [32mDEBUG[0;39m [35m24276[0;39m [2m---[0;39m [2m[p-nio-80-exec-7][0;39m [36mc.s.h.controller.UserController         [0;39m [2m:[0;39m userId : idcheck 
[2m2021-11-26 10:22:20.188[0;39m [32m INFO[0;39m [35m24276[0;39m [2m---[0;39m [2m[p-nio-80-exec-8][0;39m [36mc.s.h.controller.UserController         [0;39m [2m:[0;39m userInfo
[2m2021-11-26 10:22:20.188[0;39m [32mDEBUG[0;39m [35m24276[0;39m [2m---[0;39m [2m[p-nio-80-exec-8][0;39m [36mc.s.h.controller.UserController         [0;39m [2m:[0;39m userId : idcheck 
[2m2021-11-26 10:22:25.771[0;39m [32m INFO[0;39m [35m24276[0;39m [2m---[0;39m [2m[p-nio-80-exec-2][0;39m [36mc.s.h.controller.UserController         [0;39m [2m:[0;39m userInfo
[2m2021-11-26 10:22:25.772[0;39m [32mDEBUG[0;39m [35m24276[0;39m [2m---[0;39m [2m[p-nio-80-exec-2][0;39m [36mc.s.h.controller.UserController         [0;39m [2m:[0;39m userId : idcheck 
[2m2021-11-26 10:22:27.343[0;39m [32m INFO[0;39m [35m24276[0;39m [2m---[0;39m [2m[p-nio-80-exec-6][0;39m [36mc.s.h.controller.UserController         [0;39m [2m:[0;39m userInfo
[2m2021-11-26 10:22:27.344[0;39m [32mDEBUG[0;39m [35m24276[0;39m [2m---[0;39m [2m[p-nio-80-exec-6][0;39m [36mc.s.h.controller.UserController         [0;39m [2m:[0;39m userId : idcheck 
[2m2021-11-26 10:22:46.287[0;39m [32m INFO[0;39m [35m24276[0;39m [2m---[0;39m [2m[p-nio-80-exec-8][0;39m [36mc.s.h.controller.UserController         [0;39m [2m:[0;39m user Register - 호출
[2m2021-11-26 10:25:25.105[0;39m [32m INFO[0;39m [35m24276[0;39m [2m---[0;39m [2m[p-nio-80-exec-7][0;39m [36mc.s.h.controller.UserController         [0;39m [2m:[0;39m user Register - 호출
[2m2021-11-26 10:25:34.820[0;39m [32mDEBUG[0;39m [35m24276[0;39m [2m---[0;39m [2m[p-nio-80-exec-9][0;39m [36mc.s.h.controller.UserController         [0;39m [2m:[0;39m 로그인 토큰정보 : eyJ0eXAiOiJKV1QiLCJyZWdEYXRlIjoxNjM3ODg5OTM0ODAzLCJhbGciOiJIUzI1NiJ9.eyJleHAiOjE2Mzc4OTM1MzQsInN1YiI6ImFjY2Vzcy10b2tlbiIsInVzZXJJZCI6InR0dHQifQ.x7WcZmCw7xjVis5kCMMt1Q5xBQkbitOar1dBlNCi-HM
[2m2021-11-26 10:25:34.847[0;39m [32m INFO[0;39m [35m24276[0;39m [2m---[0;39m [2m[p-nio-80-exec-2][0;39m [36mc.s.h.controller.UserController         [0;39m [2m:[0;39m getInfo
[2m2021-11-26 10:25:34.848[0;39m [32mDEBUG[0;39m [35m24276[0;39m [2m---[0;39m [2m[p-nio-80-exec-2][0;39m [36mc.s.h.controller.UserController         [0;39m [2m:[0;39m userId : tttt 
[2m2021-11-26 10:25:34.882[0;39m [32m INFO[0;39m [35m24276[0;39m [2m---[0;39m [2m[p-nio-80-exec-2][0;39m [36mc.s.h.controller.UserController         [0;39m [2m:[0;39m 사용 가능한 토큰!!!
[2m2021-11-26 10:26:04.443[0;39m [32m INFO[0;39m [35m24276[0;39m [2m---[0;39m [2m[p-nio-80-exec-1][0;39m [36mc.s.h.controller.NoticeController       [0;39m [2m:[0;39m notice list 호출
[2m2021-11-26 10:26:06.934[0;39m [32m INFO[0;39m [35m24276[0;39m [2m---[0;39m [2m[p-nio-80-exec-6][0;39m [36mc.s.h.controller.NoticeController       [0;39m [2m:[0;39m detail 호출
[2m2021-11-26 10:26:10.258[0;39m [32m INFO[0;39m [35m24276[0;39m [2m---[0;39m [2m[p-nio-80-exec-7][0;39m [36mc.s.happyhouse.controller.QnaController [0;39m [2m:[0;39m listArticle - 호출
[2m2021-11-26 10:26:23.411[0;39m [32m INFO[0;39m [35m24276[0;39m [2m---[0;39m [2m[p-nio-80-exec-4][0;39m [36mc.s.happyhouse.controller.QnaController [0;39m [2m:[0;39m writeArticle - 호출
[2m2021-11-26 10:26:23.459[0;39m [33m WARN[0;39m [35m24276[0;39m [2m---[0;39m [2m[p-nio-80-exec-2][0;39m [36m.w.s.m.s.DefaultHandlerExceptionResolver[0;39m [2m:[0;39m Resolved [org.springframework.web.method.annotation.MethodArgumentTypeMismatchException: Failed to convert value of type 'java.lang.String' to required type 'int'; nested exception is java.lang.NumberFormatException: For input string: "undefined"]
[2m2021-11-26 10:28:23.212[0;39m [32m INFO[0;39m [35m24276[0;39m [2m---[0;39m [2m[p-nio-80-exec-3][0;39m [36mc.s.happyhouse.controller.QnaController [0;39m [2m:[0;39m listArticle - 호출
[2m2021-11-26 10:28:39.904[0;39m [32m INFO[0;39m [35m24276[0;39m [2m---[0;39m [2m[p-nio-80-exec-1][0;39m [36mc.s.happyhouse.controller.QnaController [0;39m [2m:[0;39m writeArticle - 호출
[2m2021-11-26 10:28:39.954[0;39m [32m INFO[0;39m [35m24276[0;39m [2m---[0;39m [2m[p-nio-80-exec-6][0;39m [36mc.s.happyhouse.controller.QnaController [0;39m [2m:[0;39m listArticle - 호출
[2m2021-11-26 10:28:43.092[0;39m [32mDEBUG[0;39m [35m24276[0;39m [2m---[0;39m [2m[p-nio-80-exec-7][0;39m [36mc.s.h.controller.CommentController      [0;39m [2m:[0;39m listComment - 호출
[2m2021-11-26 10:35:19.568[0;39m [32m INFO[0;39m [35m24276[0;39m [2m---[0;39m [2m[p-nio-80-exec-4][0;39m [36mc.s.happyhouse.controller.QnaController [0;39m [2m:[0;39m modifyArticle - 호출
[2m2021-11-26 10:35:19.633[0;39m [32m INFO[0;39m [35m24276[0;39m [2m---[0;39m [2m[p-nio-80-exec-2][0;39m [36mc.s.happyhouse.controller.QnaController [0;39m [2m:[0;39m listArticle - 호출
[2m2021-11-26 10:35:21.067[0;39m [32mDEBUG[0;39m [35m24276[0;39m [2m---[0;39m [2m[-nio-80-exec-10][0;39m [36mc.s.h.controller.CommentController      [0;39m [2m:[0;39m listComment - 호출
[2m2021-11-26 10:35:23.063[0;39m [32mDEBUG[0;39m [35m24276[0;39m [2m---[0;39m [2m[p-nio-80-exec-5][0;39m [36mc.s.h.controller.CommentController      [0;39m [2m:[0;39m createComment - 호출
[2m2021-11-26 10:35:23.089[0;39m [32mDEBUG[0;39m [35m24276[0;39m [2m---[0;39m [2m[p-nio-80-exec-3][0;39m [36mc.s.h.controller.CommentController      [0;39m [2m:[0;39m listComment - 호출
[2m2021-11-26 10:35:28.135[0;39m [32mDEBUG[0;39m [35m24276[0;39m [2m---[0;39m [2m[p-nio-80-exec-6][0;39m [36mc.s.h.controller.CommentController      [0;39m [2m:[0;39m modifyComment - 호출
[2m2021-11-26 10:35:28.136[0;39m [32mDEBUG[0;39m [35m24276[0;39m [2m---[0;39m [2m[p-nio-80-exec-6][0;39m [36mc.s.h.controller.CommentController      [0;39m [2m:[0;39m CommentDto [no=62, userId=null, comment=222, date=null, qnano=0]
[2m2021-11-26 10:35:28.153[0;39m [32mDEBUG[0;39m [35m24276[0;39m [2m---[0;39m [2m[p-nio-80-exec-7][0;39m [36mc.s.h.controller.CommentController      [0;39m [2m:[0;39m listComment - 호출
[2m2021-11-26 10:35:31.339[0;39m [32mDEBUG[0;39m [35m24276[0;39m [2m---[0;39m [2m[p-nio-80-exec-4][0;39m [36mc.s.h.controller.CommentController      [0;39m [2m:[0;39m deleteBook - 호출
[2m2021-11-26 10:35:31.372[0;39m [32mDEBUG[0;39m [35m24276[0;39m [2m---[0;39m [2m[p-nio-80-exec-2][0;39m [36mc.s.h.controller.CommentController      [0;39m [2m:[0;39m listComment - 호출
[2m2021-11-26 10:35:33.762[0;39m [32mDEBUG[0;39m [35m24276[0;39m [2m---[0;39m [2m[-nio-80-exec-10][0;39m [36mc.s.h.controller.CommentController      [0;39m [2m:[0;39m createComment - 호출
[2m2021-11-26 10:35:33.789[0;39m [32mDEBUG[0;39m [35m24276[0;39m [2m---[0;39m [2m[p-nio-80-exec-9][0;39m [36mc.s.h.controller.CommentController      [0;39m [2m:[0;39m listComment - 호출
[2m2021-11-26 10:35:34.593[0;39m [32m INFO[0;39m [35m24276[0;39m [2m---[0;39m [2m[p-nio-80-exec-5][0;39m [36mc.s.happyhouse.controller.QnaController [0;39m [2m:[0;39m listArticle - 호출
[2m2021-11-26 10:35:36.598[0;39m [32mDEBUG[0;39m [35m24276[0;39m [2m---[0;39m [2m[p-nio-80-exec-3][0;39m [36mc.s.h.controller.CommentController      [0;39m [2m:[0;39m listComment - 호출
[2m2021-11-26 10:35:38.720[0;39m [32m INFO[0;39m [35m24276[0;39m [2m---[0;39m [2m[p-nio-80-exec-6][0;39m [36mc.s.happyhouse.controller.QnaController [0;39m [2m:[0;39m deleteArticle - 호출
[2m2021-11-26 10:35:38.831[0;39m [32m INFO[0;39m [35m24276[0;39m [2m---[0;39m [2m[p-nio-80-exec-7][0;39m [36mc.s.happyhouse.controller.QnaController [0;39m [2m:[0;39m listArticle - 호출
[2m2021-11-26 10:35:45.613[0;39m [32m INFO[0;39m [35m24276[0;39m [2m---[0;39m [2m[p-nio-80-exec-8][0;39m [36mc.s.h.controller.NoticeController       [0;39m [2m:[0;39m notice list 호출
[2m2021-11-26 10:35:48.143[0;39m [32m INFO[0;39m [35m24276[0;39m [2m---[0;39m [2m[p-nio-80-exec-4][0;39m [36mc.s.h.controller.NoticeController       [0;39m [2m:[0;39m detail 호출
[2m2021-11-26 10:35:50.708[0;39m [32m INFO[0;39m [35m24276[0;39m [2m---[0;39m [2m[p-nio-80-exec-2][0;39m [36mc.s.h.controller.NoticeController       [0;39m [2m:[0;39m notice list 호출
[2m2021-11-26 10:35:51.981[0;39m [32m INFO[0;39m [35m24276[0;39m [2m---[0;39m [2m[-nio-80-exec-10][0;39m [36mc.s.h.controller.NoticeController       [0;39m [2m:[0;39m detail 호출
[2m2021-11-26 10:35:53.878[0;39m [32m INFO[0;39m [35m24276[0;39m [2m---[0;39m [2m[p-nio-80-exec-9][0;39m [36mc.s.h.controller.NoticeController       [0;39m [2m:[0;39m notice list 호출
[2m2021-11-26 10:35:55.017[0;39m [32m INFO[0;39m [35m24276[0;39m [2m---[0;39m [2m[p-nio-80-exec-5][0;39m [36mc.s.h.controller.NoticeController       [0;39m [2m:[0;39m detail 호출
[2m2021-11-26 10:35:56.833[0;39m [32m INFO[0;39m [35m24276[0;39m [2m---[0;39m [2m[p-nio-80-exec-3][0;39m [36mc.s.h.controller.NoticeController       [0;39m [2m:[0;39m notice list 호출
[2m2021-11-26 10:36:07.133[0;39m [32mDEBUG[0;39m [35m24276[0;39m [2m---[0;39m [2m[p-nio-80-exec-2][0;39m [36mc.s.h.controller.UserController         [0;39m [2m:[0;39m 로그인 토큰정보 : eyJ0eXAiOiJKV1QiLCJyZWdEYXRlIjoxNjM3ODkwNTY3MTMzLCJhbGciOiJIUzI1NiJ9.eyJleHAiOjE2Mzc4OTQxNjcsInN1YiI6ImFjY2Vzcy10b2tlbiIsInVzZXJJZCI6ImFkbWluIn0.qNfEemfP8d61TnfYCYmj8zGz3CVYJq9mxXbO-HscVmI
[2m2021-11-26 10:36:07.159[0;39m [32m INFO[0;39m [35m24276[0;39m [2m---[0;39m [2m[p-nio-80-exec-9][0;39m [36mc.s.h.controller.UserController         [0;39m [2m:[0;39m getInfo
[2m2021-11-26 10:36:07.159[0;39m [32mDEBUG[0;39m [35m24276[0;39m [2m---[0;39m [2m[p-nio-80-exec-9][0;39m [36mc.s.h.controller.UserController         [0;39m [2m:[0;39m userId : admin 
[2m2021-11-26 10:36:07.160[0;39m [32m INFO[0;39m [35m24276[0;39m [2m---[0;39m [2m[p-nio-80-exec-9][0;39m [36mc.s.h.controller.UserController         [0;39m [2m:[0;39m 사용 가능한 토큰!!!
[2m2021-11-26 10:36:11.453[0;39m [32m INFO[0;39m [35m24276[0;39m [2m---[0;39m [2m[p-nio-80-exec-8][0;39m [36mc.s.h.controller.NoticeController       [0;39m [2m:[0;39m notice list 호출
[2m2021-11-26 10:36:35.981[0;39m [32m INFO[0;39m [35m24276[0;39m [2m---[0;39m [2m[p-nio-80-exec-4][0;39m [36mc.s.h.controller.NoticeController       [0;39m [2m:[0;39m register notice 호출
[2m2021-11-26 10:36:35.983[0;39m [32mDEBUG[0;39m [35m24276[0;39m [2m---[0;39m [2m[p-nio-80-exec-4][0;39m [36mc.s.h.controller.NoticeController       [0;39m [2m:[0;39m 원본 파일 이름 : [첨부1] 스터디 모집 양식.docx, 실제 저장 파일 이름 : c4acc872-55b3-476b-8d5e-54fbc2d5ec9b.docx
[2m2021-11-26 10:36:37.324[0;39m [32m INFO[0;39m [35m24276[0;39m [2m---[0;39m [2m[p-nio-80-exec-2][0;39m [36mc.s.h.controller.NoticeController       [0;39m [2m:[0;39m notice list 호출
[2m2021-11-26 10:36:39.050[0;39m [32m INFO[0;39m [35m24276[0;39m [2m---[0;39m [2m[-nio-80-exec-10][0;39m [36mc.s.h.controller.NoticeController       [0;39m [2m:[0;39m detail 호출
[2m2021-11-26 10:36:41.106[0;39m [32m INFO[0;39m [35m24276[0;39m [2m---[0;39m [2m[p-nio-80-exec-7][0;39m [36mc.s.h.controller.NoticeController       [0;39m [2m:[0;39m download 호출
[2m2021-11-26 10:36:44.243[0;39m [32m INFO[0;39m [35m24276[0;39m [2m---[0;39m [2m[p-nio-80-exec-5][0;39m [36mc.s.h.controller.NoticeController       [0;39m [2m:[0;39m detail 호출
[2m2021-11-26 10:36:46.675[0;39m [32m INFO[0;39m [35m24276[0;39m [2m---[0;39m [2m[p-nio-80-exec-6][0;39m [36mc.s.h.controller.NoticeController       [0;39m [2m:[0;39m modify 호출
[2m2021-11-26 10:36:46.704[0;39m [32m INFO[0;39m [35m24276[0;39m [2m---[0;39m [2m[p-nio-80-exec-1][0;39m [36mc.s.h.controller.NoticeController       [0;39m [2m:[0;39m notice list 호출
[2m2021-11-26 10:36:48.759[0;39m [32m INFO[0;39m [35m24276[0;39m [2m---[0;39m [2m[p-nio-80-exec-8][0;39m [36mc.s.h.controller.NoticeController       [0;39m [2m:[0;39m detail 호출
[2m2021-11-26 10:36:52.396[0;39m [32m INFO[0;39m [35m24276[0;39m [2m---[0;39m [2m[p-nio-80-exec-2][0;39m [36mc.s.h.controller.NoticeController       [0;39m [2m:[0;39m delete 호출
[2m2021-11-26 10:36:52.437[0;39m [32m INFO[0;39m [35m24276[0;39m [2m---[0;39m [2m[-nio-80-exec-10][0;39m [36mc.s.h.controller.NoticeController       [0;39m [2m:[0;39m notice list 호출
[2m2021-11-26 10:37:02.620[0;39m [32m INFO[0;39m [35m24276[0;39m [2m---[0;39m [2m[p-nio-80-exec-9][0;39m [36mc.s.happyhouse.controller.QnaController [0;39m [2m:[0;39m listArticle - 호출
[2m2021-11-26 10:37:18.881[0;39m [32m INFO[0;39m [35m24276[0;39m [2m---[0;39m [2m[p-nio-80-exec-1][0;39m [36mc.s.h.controller.UserController         [0;39m [2m:[0;39m user modify - 호출
[2m2021-11-26 11:03:49.188[0;39m [32mDEBUG[0;39m [35m24276[0;39m [2m---[0;39m [2m[p-nio-80-exec-2][0;39m [36mc.s.h.controller.UserController         [0;39m [2m:[0;39m 로그인 토큰정보 : eyJ0eXAiOiJKV1QiLCJyZWdEYXRlIjoxNjM3ODkyMjI5MTg3LCJhbGciOiJIUzI1NiJ9.eyJleHAiOjE2Mzc4OTU4MjksInN1YiI6ImFjY2Vzcy10b2tlbiIsInVzZXJJZCI6InR0dHQifQ.-ZmBs0FHV2b8lZeAO-e146W_YX9LhL0jy7AIZwJZt2Q
[2m2021-11-26 11:03:49.201[0;39m [32m INFO[0;39m [35m24276[0;39m [2m---[0;39m [2m[-nio-80-exec-10][0;39m [36mc.s.h.controller.UserController         [0;39m [2m:[0;39m getInfo
[2m2021-11-26 11:03:49.201[0;39m [32mDEBUG[0;39m [35m24276[0;39m [2m---[0;39m [2m[-nio-80-exec-10][0;39m [36mc.s.h.controller.UserController         [0;39m [2m:[0;39m userId : tttt 
[2m2021-11-26 11:03:49.202[0;39m [32m INFO[0;39m [35m24276[0;39m [2m---[0;39m [2m[-nio-80-exec-10][0;39m [36mc.s.h.controller.UserController         [0;39m [2m:[0;39m 사용 가능한 토큰!!!
[2m2021-11-26 11:06:31.618[0;39m [32m INFO[0;39m [35m24276[0;39m [2m---[0;39m [2m[p-nio-80-exec-5][0;39m [36mc.s.h.controller.UserController         [0;39m [2m:[0;39m user delete - 호출
[2m2021-11-26 11:49:28.457[0;39m [32m INFO[0;39m [35m24276[0;39m [2m---[0;39m [2m[p-nio-80-exec-4][0;39m [36mc.s.h.controller.UserController         [0;39m [2m:[0;39m userInfo
[2m2021-11-26 11:49:28.457[0;39m [32mDEBUG[0;39m [35m24276[0;39m [2m---[0;39m [2m[p-nio-80-exec-4][0;39m [36mc.s.h.controller.UserController         [0;39m [2m:[0;39m userId : idcheck 
[2m2021-11-26 11:49:28.584[0;39m [32m INFO[0;39m [35m24276[0;39m [2m---[0;39m [2m[p-nio-80-exec-5][0;39m [36mc.s.h.controller.UserController         [0;39m [2m:[0;39m userInfo
[2m2021-11-26 11:49:28.584[0;39m [32mDEBUG[0;39m [35m24276[0;39m [2m---[0;39m [2m[p-nio-80-exec-5][0;39m [36mc.s.h.controller.UserController         [0;39m [2m:[0;39m userId : idcheck 
[2m2021-11-26 11:49:28.866[0;39m [32m INFO[0;39m [35m24276[0;39m [2m---[0;39m [2m[p-nio-80-exec-3][0;39m [36mc.s.h.controller.UserController         [0;39m [2m:[0;39m userInfo
[2m2021-11-26 11:49:28.866[0;39m [32mDEBUG[0;39m [35m24276[0;39m [2m---[0;39m [2m[p-nio-80-exec-3][0;39m [36mc.s.h.controller.UserController         [0;39m [2m:[0;39m userId : idcheck 
[2m2021-11-26 11:49:45.184[0;39m [32m INFO[0;39m [35m24276[0;39m [2m---[0;39m [2m[p-nio-80-exec-7][0;39m [36mc.s.h.controller.UserController         [0;39m [2m:[0;39m user Register - 호출
[2m2021-11-26 11:49:58.663[0;39m [32m INFO[0;39m [35m24276[0;39m [2m---[0;39m [2m[p-nio-80-exec-6][0;39m [36mc.s.h.controller.UserController         [0;39m [2m:[0;39m userInfo
[2m2021-11-26 11:49:58.663[0;39m [32mDEBUG[0;39m [35m24276[0;39m [2m---[0;39m [2m[p-nio-80-exec-6][0;39m [36mc.s.h.controller.UserController         [0;39m [2m:[0;39m userId : ssafy7 
[2m2021-11-26 11:50:04.975[0;39m [32mDEBUG[0;39m [35m24276[0;39m [2m---[0;39m [2m[p-nio-80-exec-1][0;39m [36mc.s.h.controller.UserController         [0;39m [2m:[0;39m 로그인 토큰정보 : eyJ0eXAiOiJKV1QiLCJyZWdEYXRlIjoxNjM3ODk1MDA0OTc0LCJhbGciOiJIUzI1NiJ9.eyJleHAiOjE2Mzc4OTg2MDQsInN1YiI6ImFjY2Vzcy10b2tlbiIsInVzZXJJZCI6InNzYWZ5NyJ9.BCWpekEXpuZ1Pi92RcvtLWZhtNuyIL2lzv1pmenXfI4
[2m2021-11-26 11:50:05.041[0;39m [32m INFO[0;39m [35m24276[0;39m [2m---[0;39m [2m[-nio-80-exec-10][0;39m [36mc.s.h.controller.UserController         [0;39m [2m:[0;39m getInfo
[2m2021-11-26 11:50:05.041[0;39m [32mDEBUG[0;39m [35m24276[0;39m [2m---[0;39m [2m[-nio-80-exec-10][0;39m [36mc.s.h.controller.UserController         [0;39m [2m:[0;39m userId : ssafy7 
[2m2021-11-26 11:50:05.045[0;39m [32m INFO[0;39m [35m24276[0;39m [2m---[0;39m [2m[-nio-80-exec-10][0;39m [36mc.s.h.controller.UserController         [0;39m [2m:[0;39m 사용 가능한 토큰!!!
[2m2021-11-26 11:50:34.792[0;39m [32m INFO[0;39m [35m24276[0;39m [2m---[0;39m [2m[p-nio-80-exec-9][0;39m [36mc.s.happyhouse.controller.QnaController [0;39m [2m:[0;39m listArticle - 호출
[2m2021-11-26 11:50:51.839[0;39m [32m INFO[0;39m [35m24276[0;39m [2m---[0;39m [2m[p-nio-80-exec-6][0;39m [36mc.s.happyhouse.controller.QnaController [0;39m [2m:[0;39m listArticle - 호출
[2m2021-11-26 11:51:07.770[0;39m [32m INFO[0;39m [35m24276[0;39m [2m---[0;39m [2m[-nio-80-exec-10][0;39m [36mc.s.happyhouse.controller.QnaController [0;39m [2m:[0;39m writeArticle - 호출
[2m2021-11-26 11:51:07.847[0;39m [32m INFO[0;39m [35m24276[0;39m [2m---[0;39m [2m[p-nio-80-exec-5][0;39m [36mc.s.happyhouse.controller.QnaController [0;39m [2m:[0;39m listArticle - 호출
[2m2021-11-26 11:51:10.892[0;39m [32mDEBUG[0;39m [35m24276[0;39m [2m---[0;39m [2m[p-nio-80-exec-8][0;39m [36mc.s.h.controller.CommentController      [0;39m [2m:[0;39m listComment - 호출
[2m2021-11-26 11:51:18.914[0;39m [32m INFO[0;39m [35m24276[0;39m [2m---[0;39m [2m[p-nio-80-exec-4][0;39m [36mc.s.happyhouse.controller.QnaController [0;39m [2m:[0;39m listArticle - 호출
[2m2021-11-26 11:51:23.296[0;39m [32mDEBUG[0;39m [35m24276[0;39m [2m---[0;39m [2m[p-nio-80-exec-9][0;39m [36mc.s.h.controller.CommentController      [0;39m [2m:[0;39m listComment - 호출
[2m2021-11-26 11:51:26.960[0;39m [32m INFO[0;39m [35m24276[0;39m [2m---[0;39m [2m[p-nio-80-exec-7][0;39m [36mc.s.happyhouse.controller.QnaController [0;39m [2m:[0;39m listArticle - 호출
[2m2021-11-26 11:51:29.045[0;39m [32mDEBUG[0;39m [35m24276[0;39m [2m---[0;39m [2m[p-nio-80-exec-3][0;39m [36mc.s.h.controller.CommentController      [0;39m [2m:[0;39m listComment - 호출
[2m2021-11-26 11:51:30.711[0;39m [32m INFO[0;39m [35m24276[0;39m [2m---[0;39m [2m[p-nio-80-exec-2][0;39m [36mc.s.happyhouse.controller.QnaController [0;39m [2m:[0;39m listArticle - 호출
[2m2021-11-26 11:51:39.293[0;39m [32mDEBUG[0;39m [35m24276[0;39m [2m---[0;39m [2m[p-nio-80-exec-4][0;39m [36mc.s.h.controller.UserController         [0;39m [2m:[0;39m 로그인 토큰정보 : eyJ0eXAiOiJKV1QiLCJyZWdEYXRlIjoxNjM3ODk1MDk5MjkyLCJhbGciOiJIUzI1NiJ9.eyJleHAiOjE2Mzc4OTg2OTksInN1YiI6ImFjY2Vzcy10b2tlbiIsInVzZXJJZCI6ImFkbWluIn0.Yz8s29Z0YEbRJNQ5ZDtufjJgjxdpZm16QKGAY8CsL3E
[2m2021-11-26 11:51:39.319[0;39m [32m INFO[0;39m [35m24276[0;39m [2m---[0;39m [2m[p-nio-80-exec-9][0;39m [36mc.s.h.controller.UserController         [0;39m [2m:[0;39m getInfo
[2m2021-11-26 11:51:39.319[0;39m [32mDEBUG[0;39m [35m24276[0;39m [2m---[0;39m [2m[p-nio-80-exec-9][0;39m [36mc.s.h.controller.UserController         [0;39m [2m:[0;39m userId : admin 
[2m2021-11-26 11:51:39.321[0;39m [32m INFO[0;39m [35m24276[0;39m [2m---[0;39m [2m[p-nio-80-exec-9][0;39m [36mc.s.h.controller.UserController         [0;39m [2m:[0;39m 사용 가능한 토큰!!!
[2m2021-11-26 11:51:43.846[0;39m [32m INFO[0;39m [35m24276[0;39m [2m---[0;39m [2m[p-nio-80-exec-1][0;39m [36mc.s.happyhouse.controller.QnaController [0;39m [2m:[0;39m listArticle - 호출
[2m2021-11-26 11:51:47.014[0;39m [32mDEBUG[0;39m [35m24276[0;39m [2m---[0;39m [2m[p-nio-80-exec-5][0;39m [36mc.s.h.controller.CommentController      [0;39m [2m:[0;39m listComment - 호출
[2m2021-11-26 11:51:53.160[0;39m [32mDEBUG[0;39m [35m24276[0;39m [2m---[0;39m [2m[p-nio-80-exec-8][0;39m [36mc.s.h.controller.CommentController      [0;39m [2m:[0;39m createComment - 호출
[2m2021-11-26 11:51:53.177[0;39m [32mDEBUG[0;39m [35m24276[0;39m [2m---[0;39m [2m[p-nio-80-exec-4][0;39m [36mc.s.h.controller.CommentController      [0;39m [2m:[0;39m listComment - 호출
[2m2021-11-26 11:51:55.138[0;39m [32m INFO[0;39m [35m24276[0;39m [2m---[0;39m [2m[p-nio-80-exec-9][0;39m [36mc.s.happyhouse.controller.QnaController [0;39m [2m:[0;39m listArticle - 호출
[2m2021-11-26 11:51:59.451[0;39m [32m INFO[0;39m [35m24276[0;39m [2m---[0;39m [2m[p-nio-80-exec-2][0;39m [36mc.s.h.controller.NoticeController       [0;39m [2m:[0;39m notice list 호출
[2m2021-11-26 11:52:24.459[0;39m [32m INFO[0;39m [35m24276[0;39m [2m---[0;39m [2m[p-nio-80-exec-7][0;39m [36mc.s.h.controller.NoticeController       [0;39m [2m:[0;39m register notice 호출
[2m2021-11-26 11:52:24.461[0;39m [32mDEBUG[0;39m [35m24276[0;39m [2m---[0;39m [2m[p-nio-80-exec-7][0;39m [36mc.s.h.controller.NoticeController       [0;39m [2m:[0;39m 원본 파일 이름 : [첨부1] 스터디 모집 양식.docx, 실제 저장 파일 이름 : 6e349a8f-6b1e-479f-b4c7-897072de0797.docx
[2m2021-11-26 11:52:24.462[0;39m [32mDEBUG[0;39m [35m24276[0;39m [2m---[0;39m [2m[p-nio-80-exec-7][0;39m [36mc.s.h.controller.NoticeController       [0;39m [2m:[0;39m 원본 파일 이름 : [첨부2] 스터디 신청 계획서_서울_7반_강진.docx, 실제 저장 파일 이름 : f53dcd53-78a8-4af6-ba59-5b311e76f8e0.docx
[2m2021-11-26 11:52:25.477[0;39m [32m INFO[0;39m [35m24276[0;39m [2m---[0;39m [2m[p-nio-80-exec-3][0;39m [36mc.s.h.controller.NoticeController       [0;39m [2m:[0;39m notice list 호출
[2m2021-11-26 11:52:27.753[0;39m [32m INFO[0;39m [35m24276[0;39m [2m---[0;39m [2m[p-nio-80-exec-6][0;39m [36mc.s.h.controller.NoticeController       [0;39m [2m:[0;39m detail 호출
[2m2021-11-26 11:52:37.367[0;39m [32m INFO[0;39m [35m24276[0;39m [2m---[0;39m [2m[-nio-80-exec-10][0;39m [36mc.s.h.controller.NoticeController       [0;39m [2m:[0;39m notice list 호출
[2m2021-11-26 12:20:32.917[0;39m [32m INFO[0;39m [35m24276[0;39m [2m---[0;39m [2m[(126)-127.0.0.1][0;39m [36minMXBeanRegistrar$SpringApplicationAdmin[0;39m [2m:[0;39m Application shutdown requested.
